<?xml version="1.0" encoding="UTF-8"?>
<testng-results skipped="1" failed="0" total="1" passed="0">
  <reporter-output>
  </reporter-output>
  <suite name="Demo Suite" duration-ms="23" started-at="2018-07-02T07:54:35Z" finished-at="2018-07-02T07:54:35Z">
    <groups>
    </groups>
    <test name="Sub Cal Test" duration-ms="23" started-at="2018-07-02T07:54:35Z" finished-at="2018-07-02T07:54:35Z">
      <class name="com.epam.mentoring.calculator.isNegativeTest">
        <test-method status="FAIL" signature="Setup()[pri:0, instance:com.epam.mentoring.calculator.isNegativeTest@35bbe5e8]" name="Setup" is-config="true" duration-ms="0" started-at="2018-07-02T11:54:35Z" finished-at="2018-07-02T11:54:35Z">
          <exception class="java.lang.NoClassDefFoundError">
            <message>
              <![CDATA[com/epam/tat/module4/Calculator]]>
            </message>
            <full-stacktrace>
              <![CDATA[java.lang.NoClassDefFoundError: com/epam/tat/module4/Calculator
	at com.epam.mentoring.calculator.BaseTest.Setup(BaseTest.java:15)
	at sun.reflect.NativeMethodAccessorImpl.invoke0(Native Method)
	at sun.reflect.NativeMethodAccessorImpl.invoke(NativeMethodAccessorImpl.java:62)
	at sun.reflect.DelegatingMethodAccessorImpl.invoke(DelegatingMethodAccessorImpl.java:43)
	at java.lang.reflect.Method.invoke(Method.java:498)
	at org.testng.internal.MethodInvocationHelper.invokeMethod(MethodInvocationHelper.java:86)
	at org.testng.internal.Invoker.invokeConfigurationMethod(Invoker.java:514)
	at org.testng.internal.Invoker.invokeConfigurations(Invoker.java:215)
	at org.testng.internal.Invoker.invokeConfigurations(Invoker.java:142)
	at org.testng.internal.TestMethodWorker.invokeBeforeClassMethods(TestMethodWorker.java:178)
	at org.testng.internal.TestMethodWorker.run(TestMethodWorker.java:108)
	at org.testng.TestRunner.privateRun(TestRunner.java:782)
	at org.testng.TestRunner.run(TestRunner.java:632)
	at org.testng.SuiteRunner.runTest(SuiteRunner.java:366)
	at org.testng.SuiteRunner.runSequentially(SuiteRunner.java:361)
	at org.testng.SuiteRunner.privateRun(SuiteRunner.java:319)
	at org.testng.SuiteRunner.run(SuiteRunner.java:268)
	at org.testng.SuiteRunnerWorker.runSuite(SuiteRunnerWorker.java:52)
	at org.testng.SuiteRunnerWorker.run(SuiteRunnerWorker.java:86)
	at org.testng.TestNG.runSuitesSequentially(TestNG.java:1244)
	at org.testng.TestNG.runSuitesLocally(TestNG.java:1169)
	at org.testng.TestNG.run(TestNG.java:1064)
	at org.apache.maven.surefire.testng.TestNGExecutor.run(TestNGExecutor.java:281)
	at org.apache.maven.surefire.testng.TestNGXmlTestSuite.execute(TestNGXmlTestSuite.java:75)
	at org.apache.maven.surefire.testng.TestNGProvider.invoke(TestNGProvider.java:121)
	at org.apache.maven.surefire.booter.ForkedBooter.invokeProviderInSameClassLoader(ForkedBooter.java:290)
	at org.apache.maven.surefire.booter.ForkedBooter.runSuitesInProcess(ForkedBooter.java:242)
	at org.apache.maven.surefire.booter.ForkedBooter.main(ForkedBooter.java:121)
Caused by: java.lang.ClassNotFoundException: com.epam.tat.module4.Calculator
	at java.net.URLClassLoader.findClass(URLClassLoader.java:381)
	at java.lang.ClassLoader.loadClass(ClassLoader.java:424)
	at sun.misc.Launcher$AppClassLoader.loadClass(Launcher.java:338)
	at java.lang.ClassLoader.loadClass(ClassLoader.java:357)
	... 28 more
]]>
            </full-stacktrace>
          </exception> <!-- java.lang.NoClassDefFoundError -->
          <reporter-output>
          </reporter-output>
        </test-method> <!-- Setup -->
        <test-method status="SKIP" signature="isNegative(long)[pri:0, instance:com.epam.mentoring.calculator.isNegativeTest@35bbe5e8]" name="isNegative" duration-ms="1" started-at="2018-07-02T11:54:35Z" finished-at="2018-07-02T11:54:35Z">
          <params>
            <param index="0">
              <value>
                <![CDATA[-15]]>
              </value>
            </param>
          </params>
          <reporter-output>
          </reporter-output>
        </test-method> <!-- isNegative -->
        <test-method status="SKIP" signature="TearDown()[pri:0, instance:com.epam.mentoring.calculator.isNegativeTest@35bbe5e8]" name="TearDown" is-config="true" duration-ms="0" started-at="2018-07-02T11:54:35Z" finished-at="2018-07-02T11:54:35Z">
          <reporter-output>
          </reporter-output>
        </test-method> <!-- TearDown -->
      </class> <!-- com.epam.mentoring.calculator.isNegativeTest -->
    </test> <!-- Sub Cal Test -->
  </suite> <!-- Demo Suite -->
</testng-results>
