<?xml version="1.0" encoding="UTF-8"?>
<!-- Generated by org.testng.reporters.JUnitXMLReporter -->
<testsuite hostname="EPAMYERW0139" name="Sub Cal Test" tests="1" failures="0" timestamp="2 Jul 2018 07:54:35 GMT" time="0.023" errors="0">
  <testcase name="@BeforeClass Setup" time="0.0" classname="com.epam.mentoring.calculator.isNegativeTest">
    <failure type="java.lang.NoClassDefFoundError" message="com/epam/tat/module4/Calculator">
      <![CDATA[java.lang.NoClassDefFoundError: com/epam/tat/module4/Calculator
	at com.epam.mentoring.calculator.BaseTest.Setup(BaseTest.java:15)
Caused by: java.lang.ClassNotFoundException: com.epam.tat.module4.Calculator
	at java.net.URLClassLoader.findClass(URLClassLoader.java:381)
	at java.lang.ClassLoader.loadClass(ClassLoader.java:424)
	at sun.misc.Launcher$AppClassLoader.loadClass(Launcher.java:338)
	at java.lang.ClassLoader.loadClass(ClassLoader.java:357)
	... 28 more
... Removed 27 stack frames]]>
    </failure>
  </testcase> <!-- @BeforeClass Setup -->
  <testcase name="@AfterClass TearDown" time="0.0" classname="com.epam.mentoring.calculator.isNegativeTest">
    <skipped/>
  </testcase> <!-- @AfterClass TearDown -->
  <testcase name="isNegative" time="0.001" classname="com.epam.mentoring.calculator.isNegativeTest">
    <skipped/>
  </testcase> <!-- isNegative -->
</testsuite> <!-- Sub Cal Test -->
